<?xml version="1.0" encoding="UTF-8"?>
<!-- Generated by org.testng.reporters.JUnitXMLReporter -->
<testsuite ignored="0" hostname="ABHISHEK" failures="0" tests="4" name="Place Order Test" time="71.905" errors="0" timestamp="2024-12-09T20:40:34 IST">
  <testcase classname="javaCoding.Testing.PlaceOrderTesting" name="loginMessageValidation" time="1.272"/>
  <testcase classname="javaCoding.Testing.PlaceOrderTesting" name="submitOrder" time="8.246"/>
  <testcase classname="javaCoding.Testing.PlaceOrderTesting" name="submitOrder" time="7.227"/>
  <testcase classname="javaCoding.Testing.PlaceOrderTesting" name="orderHistoryCheck" time="1.164"/>
</testsuite> <!-- Place Order Test -->
