<?xml version="1.0" encoding="UTF-8"?>
<testng-results ignored="0" total="1" passed="1" failed="0" skipped="0">
  <reporter-output>
  </reporter-output>
  <suite started-at="2024-12-22T22:12:35 IST" name="Suite" finished-at="2024-12-22T22:12:49 IST" duration-ms="14456">
    <groups>
      <group name="ErrorHandling">
        <method signature="ErrorValidationsTesting.loginErrorValidation()[pri:0, instance:javaCoding.Testing.ErrorValidationsTesting@235834f2]" name="loginErrorValidation" class="javaCoding.Testing.ErrorValidationsTesting"/>
      </group> <!-- ErrorHandling -->
    </groups>
    <test started-at="2024-12-22T22:12:35 IST" name="Place Order Test" finished-at="2024-12-22T22:12:35 IST" duration-ms="20">
    </test> <!-- Place Order Test -->
    <test started-at="2024-12-22T22:12:35 IST" name="Error Validations Test" finished-at="2024-12-22T22:12:49 IST" duration-ms="14455">
      <class name="javaCoding.Testing.ErrorValidationsTesting">
        <test-method is-config="true" signature="launchApplication()[pri:0, instance:javaCoding.Testing.ErrorValidationsTesting@235834f2]" started-at="2024-12-22T22:12:35 IST" name="launchApplication" finished-at="2024-12-22T22:12:47 IST" duration-ms="12157" status="PASS">
          <reporter-output>
          </reporter-output>
        </test-method> <!-- launchApplication -->
        <test-method signature="loginErrorValidation()[pri:0, instance:javaCoding.Testing.ErrorValidationsTesting@235834f2]" started-at="2024-12-22T22:12:47 IST" name="loginErrorValidation" finished-at="2024-12-22T22:12:48 IST" duration-ms="809" status="PASS">
          <reporter-output>
          </reporter-output>
        </test-method> <!-- loginErrorValidation -->
        <test-method is-config="true" signature="quitDriver()[pri:0, instance:javaCoding.Testing.ErrorValidationsTesting@235834f2]" started-at="2024-12-22T22:12:48 IST" name="quitDriver" finished-at="2024-12-22T22:12:49 IST" duration-ms="1384" status="PASS">
          <reporter-output>
          </reporter-output>
        </test-method> <!-- quitDriver -->
      </class> <!-- javaCoding.Testing.ErrorValidationsTesting -->
    </test> <!-- Error Validations Test -->
  </suite> <!-- Suite -->
</testng-results>
