<?xml version="1.0" encoding="UTF-8"?>
<!-- Generated by org.testng.reporters.JUnitXMLReporter -->
<testsuite ignored="1" hostname="ABHISHEK" failures="0" tests="1" name="Error Validations Test" time="14.455" errors="0" timestamp="2024-12-22T22:12:49 IST">
  <testcase classname="javaCoding.Testing.ErrorValidationsTesting" name="loginErrorValidation" time="0.809"/>
  <testcase classname="javaCoding.Testing.ErrorValidationsTesting" name="explicitFail" time="0.0">
    <ignored/>
  </testcase> <!-- explicitFail -->
</testsuite> <!-- Error Validations Test -->
