<?xml version="1.0" encoding="UTF-8"?>
<!-- Generated by org.testng.reporters.JUnitXMLReporter -->
<testsuite ignored="3" hostname="ABHISHEK" failures="0" tests="0" time="0.02" errors="0" timestamp="2024-12-22T22:12:35 IST">
  <testcase classname="javaCoding.Testing.PlaceOrderTesting" name="submitOrder" time="0.0">
    <ignored/>
  </testcase> <!-- submitOrder -->
  <testcase classname="javaCoding.Testing.PlaceOrderTesting" name="orderHistoryCheck" time="0.0">
    <ignored/>
  </testcase> <!-- orderHistoryCheck -->
  <testcase classname="javaCoding.Testing.PlaceOrderTesting" name="loginMessageValidation" time="0.0">
    <ignored/>
  </testcase> <!-- loginMessageValidation -->
</testsuite>
